0 info it worked if it ends with ok
1 verbose cli [ 'C:\\Program Files\\nodejs\\node.exe',
1 verbose cli   'C:\\Users\\Diego\\AppData\\Roaming\\npm\\node_modules\\npm\\bin\\npm-cli.js',
1 verbose cli   'start' ]
2 info using npm@3.9.2
3 info using node@v6.9.1
4 verbose run-script [ 'prestart', 'start', 'poststart' ]
5 info lifecycle semantic-test2@0.0.0~prestart: semantic-test2@0.0.0
6 silly lifecycle semantic-test2@0.0.0~prestart: no script for prestart, continuing
7 info lifecycle semantic-test2@0.0.0~start: semantic-test2@0.0.0
8 verbose lifecycle semantic-test2@0.0.0~start: unsafe-perm in lifecycle true
9 verbose lifecycle semantic-test2@0.0.0~start: PATH: C:\Users\Diego\AppData\Roaming\npm\node_modules\npm\bin\node-gyp-bin;D:\repos\semantic-test2\node_modules\.bin;C:\Program Files\nodejs;C:\Users\Diego\bin;C:\Program Files\Git\mingw64\bin;C:\Program Files\Git\usr\local\bin;C:\Program Files\Git\usr\bin;C:\Program Files\Git\usr\bin;C:\Program Files\Git\cmd;C:\Program Files\ConEmu\ConEmu\Scripts;C:\Program Files\ConEmu;C:\Program Files\ConEmu\ConEmu;C:\Program Files (x86)\Python35-32\Scripts;C:\Program Files (x86)\Python35-32;C:\WINDOWS\system32;C:\WINDOWS;C:\WINDOWS\WBem;C:\Program Files (x86)\Google\Chrome\Application;C:\Program Files (x86)\Intel\iCLS Client;C:\Program Files\Intel\iCLS Client;C:\WINDOWS\System32\Wbem;C:\WINDOWS\System32\WindowsPowerShell\v1.0;C:\Program Files\Intel\WiFi\bin;C:\Program Files\Common Files\Intel\WirelessCommon;C:\Program Files (x86)\Skype\Phone;C:\WINDOWS\system32\config\systemprofile\.dnx\bin;C:\Program Files\Microsoft DNX\Dnvm;C:\Program Files\Microsoft SQL Server\120\Tools\Binn;C:\Program Files\Microsoft SQL Server\Client SDK\ODBC\110\Tools\Binn;C:\Program Files (x86)\Microsoft SQL Server\120\Tools\Binn;C:\Program Files\Microsoft SQL Server\120\DTS\Binn;C:\Program Files\Microsoft SQL Server\110\Tools\Binn;C:\Program Files (x86)\Microsoft SQL Server\110\Tools\Binn\ManagementStudio;C:\Program Files (x86)\Microsoft SQL Server\110\Tools\Binn;C:\Program Files (x86)\Microsoft SQL Server\110\DTS\Binn;C:\Program Files (x86)\Microsoft SQL Server\Client SDK\ODBC\110\Tools\Binn;C:\Program Files (x86)\Microsoft SQL Server\120\Tools\Binn\ManagementStudio;C:\Program Files (x86)\Microsoft SQL Server\120\DTS\Binn;C:\Users\Diego\AppData\Local\Programs\Git\cmd;C:\xampp\php;C:\Users\Diego\AppData\Roaming\npm;C:\Program Files\Sublime Text 3;C:\Program Files (x86)\Microsoft VS Code\bin;C:\Program Files\PostgreSQL\9.5\bin;C:\Program Files (x86)\GnuWin32\bin;C:\Program Files\Intel\Intel(R) Management Engine Components\DAL;C:\Program Files\Intel\Intel(R) Management Engine Components\IPT;C:\WINDOWS\system32;C:\WINDOWS;C:\WINDOWS\System32\Wbem;C:\WINDOWS\System32\WindowsPowerShell\v1.0;C:\Program Files (x86)\Intel\Intel(R) Management Engine Components\DAL;C:\Program Files (x86)\Intel\Intel(R) Management Engine Components\IPT;C:\Users\Diego\AppData\Local\Microsoft\WindowsApps;C:\OSGeo4W\bin;C:\ProgramData\ComposerSetup\bin;C:\HashiCorp\Vagrant\bin;C:\Program Files\nodejs;C:\Program Files\TortoiseSVN\bin;C:\Program Files\OpenVPN\bin;C:\xampp\mysql\bin;C:\Program Files\MongoDB\Server\3.4\bin;C:\Program Files\Git\usr\bin\vendor_perl;C:\Program Files\Git\usr\bin\core_perl
10 verbose lifecycle semantic-test2@0.0.0~start: CWD: D:\repos\semantic-test2
11 silly lifecycle semantic-test2@0.0.0~start: Args: [ '/d /s /c', 'node ./bin/www' ]
12 silly lifecycle semantic-test2@0.0.0~start: Returned: code: 100  signal: null
13 info lifecycle semantic-test2@0.0.0~start: Failed to exec start script
14 verbose stack Error: semantic-test2@0.0.0 start: `node ./bin/www`
14 verbose stack Exit status 100
14 verbose stack     at EventEmitter.<anonymous> (C:\Users\Diego\AppData\Roaming\npm\node_modules\npm\lib\utils\lifecycle.js:245:16)
14 verbose stack     at emitTwo (events.js:106:13)
14 verbose stack     at EventEmitter.emit (events.js:191:7)
14 verbose stack     at ChildProcess.<anonymous> (C:\Users\Diego\AppData\Roaming\npm\node_modules\npm\lib\utils\spawn.js:24:14)
14 verbose stack     at emitTwo (events.js:106:13)
14 verbose stack     at ChildProcess.emit (events.js:191:7)
14 verbose stack     at maybeClose (internal/child_process.js:877:16)
14 verbose stack     at Process.ChildProcess._handle.onexit (internal/child_process.js:226:5)
15 verbose pkgid semantic-test2@0.0.0
16 verbose cwd D:\repos\semantic-test2
17 error Windows_NT 10.0.14393
18 error argv "C:\\Program Files\\nodejs\\node.exe" "C:\\Users\\Diego\\AppData\\Roaming\\npm\\node_modules\\npm\\bin\\npm-cli.js" "start"
19 error node v6.9.1
20 error npm  v3.9.2
21 error code ELIFECYCLE
22 error semantic-test2@0.0.0 start: `node ./bin/www`
22 error Exit status 100
23 error Failed at the semantic-test2@0.0.0 start script 'node ./bin/www'.
23 error Make sure you have the latest version of node.js and npm installed.
23 error If you do, this is most likely a problem with the semantic-test2 package,
23 error not with npm itself.
23 error Tell the author that this fails on your system:
23 error     node ./bin/www
23 error You can get information on how to open an issue for this project with:
23 error     npm bugs semantic-test2
23 error Or if that isn't available, you can get their info via:
23 error     npm owner ls semantic-test2
23 error There is likely additional logging output above.
24 verbose exit [ 1, true ]
